
> jjikgeo-app@1.0.0 start
> react-scripts start

(node:5162) [DEP_WEBPACK_DEV_SERVER_ON_AFTER_SETUP_MIDDLEWARE] DeprecationWarning: 'onAfterSetupMiddleware' option is deprecated. Please use the 'setupMiddlewares' option.
(Use `node --trace-deprecation ...` to show where the warning was created)
(node:5162) [DEP_WEBPACK_DEV_SERVER_ON_BEFORE_SETUP_MIDDLEWARE] DeprecationWarning: 'onBeforeSetupMiddleware' option is deprecated. Please use the 'setupMiddlewares' option.
Starting the development server...

Compiled with warnings.

[eslint] 
src/components/PhilosophyModal.js
  Line 41:6:  React Hook useEffect has a missing dependency: 'fetchPhilosophyContent'. Either include it or remove the dependency array  react-hooks/exhaustive-deps

src/components/WeatherWidget.js
  Line 189:6:  React Hook useEffect has missing dependencies: 'fetchWeatherData', 'hasLoaded', and 'loading'. Either include them or remove the dependency array  react-hooks/exhaustive-deps

src/pages/CameraPage.js
  Line 6:10:   'gyeongbokgungBuildings' is defined but never used                                                                                      no-unused-vars
  Line 6:34:   'getEnglishName' is defined but never used                                                                                              no-unused-vars
  Line 6:50:   'getBuildYear' is defined but never used                                                                                                no-unused-vars
  Line 6:64:   'getCulturalProperty' is defined but never used                                                                                         no-unused-vars
  Line 6:85:   'getFeatures' is defined but never used                                                                                                 no-unused-vars
  Line 6:98:   'getDetailedDescription' is defined but never used                                                                                      no-unused-vars
  Line 6:122:  'isInGyeongbokgung' is defined but never used                                                                                           no-unused-vars
  Line 7:10:   'calculateDistance' is defined but never used                                                                                           no-unused-vars
  Line 8:10:   'findBuildingFromMap' is defined but never used                                                                                         no-unused-vars
  Line 8:31:   'findClosestBuildingFallback' is defined but never used                                                                                 no-unused-vars
  Line 35:10:  'error' is assigned a value but never used                                                                                              no-unused-vars
  Line 37:10:  'gpsReadings' is assigned a value but never used                                                                                        no-unused-vars
  Line 37:23:  'setGpsReadings' is assigned a value but never used                                                                                     no-unused-vars
  Line 79:6:   React Hook useEffect has missing dependencies: 'stopCamera' and 't.gpsDataMissing'. Either include them or remove the dependency array  react-hooks/exhaustive-deps
  Line 126:9:  'sendGPSToBackend' is assigned a value but never used                                                                                   no-unused-vars

src/pages/CommunityPage.js
  Line 244:34:  'imageUrl' is assigned to itself  no-self-assign

src/pages/DetailPage.js
  Line 128:10:  'aiDescription' is assigned a value but never used                                                                    no-unused-vars
  Line 129:10:  'aiLoading' is assigned a value but never used                                                                        no-unused-vars
  Line 153:6:   React Hook useEffect has a missing dependency: 'fetchBuildingInfo'. Either include it or remove the dependency array  react-hooks/exhaustive-deps

src/pages/HeritagePage.js
  Line 12:10:  'selectedSection' is assigned a value but never used                                                                  no-unused-vars
  Line 12:27:  'setSelectedSection' is assigned a value but never used                                                               no-unused-vars
  Line 16:6:   React Hook useEffect has a missing dependency: 'fetchHeritageInfo'. Either include it or remove the dependency array  react-hooks/exhaustive-deps

src/pages/LoginPage.js
  Line 37:6:  React Hook useEffect has a missing dependency: 'handleGoogleLogin'. Either include it or remove the dependency array  react-hooks/exhaustive-deps

src/pages/MainPage.js
  Line 128:6:  React Hook useEffect has missing dependencies: 'startGPSCollection' and 'stopContinuousGPSTracking'. Either include them or remove the dependency array  react-hooks/exhaustive-deps

src/pages/SettingsPage.js
  Line 10:10:  'forceUpdate' is assigned a value but never used  no-unused-vars

src/pages/StampPage.js
  Line 17:10:   'showLanguageDropdown' is assigned a value but never used                                                                                               no-unused-vars
  Line 37:9:    'handleLanguageChange' is assigned a value but never used                                                                                               no-unused-vars
  Line 1990:6:  React Hook useEffect has a missing dependency: 'addMarkers'. Either include it or remove the dependency array                                           react-hooks/exhaustive-deps
  Line 1998:6:  React Hook useEffect has missing dependencies: 'addMarkers', 'clearMarkers', 'map', and 'viewMode'. Either include them or remove the dependency array  react-hooks/exhaustive-deps

src/pages/ToiletPage.js
  Line 128:6:  React Hook useEffect has a missing dependency: 'initializeMap'. Either include it or remove the dependency array  react-hooks/exhaustive-deps

src/pages/TouristSpotDetailPage.js
  Line 13:9:  't' is assigned a value but never used                                                                              no-unused-vars
  Line 19:6:  React Hook useEffect has a missing dependency: 'fetchSpotDetail'. Either include it or remove the dependency array  react-hooks/exhaustive-deps

src/utils/gpsUtils.js
  Line 65:11:  Expected a default case  default-case

Search for the keywords to learn more about each warning.
To ignore, add // eslint-disable-next-line to the line before.

WARNING in [eslint] 
src/components/PhilosophyModal.js
  Line 41:6:  React Hook useEffect has a missing dependency: 'fetchPhilosophyContent'. Either include it or remove the dependency array  react-hooks/exhaustive-deps

src/components/WeatherWidget.js
  Line 189:6:  React Hook useEffect has missing dependencies: 'fetchWeatherData', 'hasLoaded', and 'loading'. Either include them or remove the dependency array  react-hooks/exhaustive-deps

src/pages/CameraPage.js
  Line 6:10:   'gyeongbokgungBuildings' is defined but never used                                                                                      no-unused-vars
  Line 6:34:   'getEnglishName' is defined but never used                                                                                              no-unused-vars
  Line 6:50:   'getBuildYear' is defined but never used                                                                                                no-unused-vars
  Line 6:64:   'getCulturalProperty' is defined but never used                                                                                         no-unused-vars
  Line 6:85:   'getFeatures' is defined but never used                                                                                                 no-unused-vars
  Line 6:98:   'getDetailedDescription' is defined but never used                                                                                      no-unused-vars
  Line 6:122:  'isInGyeongbokgung' is defined but never used                                                                                           no-unused-vars
  Line 7:10:   'calculateDistance' is defined but never used                                                                                           no-unused-vars
  Line 8:10:   'findBuildingFromMap' is defined but never used                                                                                         no-unused-vars
  Line 8:31:   'findClosestBuildingFallback' is defined but never used                                                                                 no-unused-vars
  Line 35:10:  'error' is assigned a value but never used                                                                                              no-unused-vars
  Line 37:10:  'gpsReadings' is assigned a value but never used                                                                                        no-unused-vars
  Line 37:23:  'setGpsReadings' is assigned a value but never used                                                                                     no-unused-vars
  Line 79:6:   React Hook useEffect has missing dependencies: 'stopCamera' and 't.gpsDataMissing'. Either include them or remove the dependency array  react-hooks/exhaustive-deps
  Line 126:9:  'sendGPSToBackend' is assigned a value but never used                                                                                   no-unused-vars

src/pages/CommunityPage.js
  Line 244:34:  'imageUrl' is assigned to itself  no-self-assign

src/pages/DetailPage.js
  Line 128:10:  'aiDescription' is assigned a value but never used                                                                    no-unused-vars
  Line 129:10:  'aiLoading' is assigned a value but never used                                                                        no-unused-vars
  Line 153:6:   React Hook useEffect has a missing dependency: 'fetchBuildingInfo'. Either include it or remove the dependency array  react-hooks/exhaustive-deps

src/pages/HeritagePage.js
  Line 12:10:  'selectedSection' is assigned a value but never used                                                                  no-unused-vars
  Line 12:27:  'setSelectedSection' is assigned a value but never used                                                               no-unused-vars
  Line 16:6:   React Hook useEffect has a missing dependency: 'fetchHeritageInfo'. Either include it or remove the dependency array  react-hooks/exhaustive-deps

src/pages/LoginPage.js
  Line 37:6:  React Hook useEffect has a missing dependency: 'handleGoogleLogin'. Either include it or remove the dependency array  react-hooks/exhaustive-deps

src/pages/MainPage.js
  Line 128:6:  React Hook useEffect has missing dependencies: 'startGPSCollection' and 'stopContinuousGPSTracking'. Either include them or remove the dependency array  react-hooks/exhaustive-deps

src/pages/SettingsPage.js
  Line 10:10:  'forceUpdate' is assigned a value but never used  no-unused-vars

src/pages/StampPage.js
  Line 17:10:   'showLanguageDropdown' is assigned a value but never used                                                                                               no-unused-vars
  Line 37:9:    'handleLanguageChange' is assigned a value but never used                                                                                               no-unused-vars
  Line 1990:6:  React Hook useEffect has a missing dependency: 'addMarkers'. Either include it or remove the dependency array                                           react-hooks/exhaustive-deps
  Line 1998:6:  React Hook useEffect has missing dependencies: 'addMarkers', 'clearMarkers', 'map', and 'viewMode'. Either include them or remove the dependency array  react-hooks/exhaustive-deps

src/pages/ToiletPage.js
  Line 128:6:  React Hook useEffect has a missing dependency: 'initializeMap'. Either include it or remove the dependency array  react-hooks/exhaustive-deps

src/pages/TouristSpotDetailPage.js
  Line 13:9:  't' is assigned a value but never used                                                                              no-unused-vars
  Line 19:6:  React Hook useEffect has a missing dependency: 'fetchSpotDetail'. Either include it or remove the dependency array  react-hooks/exhaustive-deps

src/utils/gpsUtils.js
  Line 65:11:  Expected a default case  default-case

webpack compiled with 1 warning
